<?xml version="1.0" encoding="UTF-8"?>
<!-- Generated by org.testng.reporters.JUnitXMLReporter -->
<testsuite ignored="2" hostname="MacBook-Air-Alexandra.local" failures="1" tests="6" name="Command line test" time="0.237" errors="0" timestamp="2020-01-30T20:47:47 EET">
  <testcase classname="ua.alesandrahvozdenko.tests.TestDemo" name="UserPageIsDisplayedWithMainElements" time="0.0">
    <failure type="org.testng.TestNGException" message="
Method void ua.alesandrahvozdenko.tests.TestDemo.UserPageIsDisplayedWithMainElements(java.lang.String,int) requires a @DataProvider named : invalidCredential">
      <![CDATA[org.testng.TestNGException: 
Method void ua.alesandrahvozdenko.tests.TestDemo.UserPageIsDisplayedWithMainElements(java.lang.String,int) requires a @DataProvider named : invalidCredential
at java.base/java.util.ArrayList.forEach(ArrayList.java:1507)
... Removed 34 stack frames]]>
    </failure>
  </testcase> <!-- UserPageIsDisplayedWithMainElements -->
  <testcase classname="ua.alesandrahvozdenko.tests.TestDemo" name="demoTest1" time="0.002"/>
  <testcase classname="ua.alesandrahvozdenko.tests.TestDemo2" name="myTest" time="0.0"/>
  <testcase classname="ua.alesandrahvozdenko.tests.TestDemo" name="demoTestDependentOnDemo3" time="0.001"/>
  <testcase classname="ua.alesandrahvozdenko.tests.TestDemo" name="demoTest" time="0.06"/>
  <testcase classname="ua.alesandrahvozdenko.tests.TestDemo" name="demoTest2" time="0.0"/>
  <testcase classname="ua.alesandrahvozdenko.tests.BaseTest" name="@BeforeSuite setUp" time="0.0">
    <ignored/>
  </testcase> <!-- @BeforeSuite setUp -->
  <testcase classname="ua.alesandrahvozdenko.tests.BaseTest" name="@BeforeSuite setUp" time="0.0">
    <ignored/>
  </testcase> <!-- @BeforeSuite setUp -->
</testsuite> <!-- Command line test -->
