<?xml version="1.0" encoding="UTF-8"?>
<testng-results ignored="2" total="8" passed="5" failed="1" skipped="0">
  <reporter-output>
  </reporter-output>
  <suite started-at="2020-01-30T20:47:46 EET" name="Command line suite" finished-at="2020-01-30T20:47:47 EET" duration-ms="237">
    <groups>
    </groups>
    <test started-at="2020-01-30T20:47:46 EET" name="Command line test" finished-at="2020-01-30T20:47:47 EET" duration-ms="237">
      <class name="ua.alesandrahvozdenko.tests.TestDemo2">
        <test-method is-config="true" signature="setUp()[pri:0, instance:ua.alesandrahvozdenko.tests.TestDemo2@59906517]" started-at="2020-01-30T20:47:46 EET" name="setUp" finished-at="2020-01-30T20:47:46 EET" duration-ms="19" status="PASS">
          <reporter-output>
          </reporter-output>
        </test-method> <!-- setUp -->
        <test-method is-config="true" signature="setUp2()[pri:0, instance:ua.alesandrahvozdenko.tests.TestDemo2@59906517]" started-at="2020-01-30T20:47:47 EET" name="setUp2" finished-at="2020-01-30T20:47:47 EET" duration-ms="1" status="PASS">
          <reporter-output>
          </reporter-output>
        </test-method> <!-- setUp2 -->
        <test-method is-config="true" signature="setUp3()[pri:0, instance:ua.alesandrahvozdenko.tests.TestDemo2@59906517]" started-at="2020-01-30T20:47:47 EET" name="setUp3" finished-at="2020-01-30T20:47:47 EET" duration-ms="1" status="PASS">
          <reporter-output>
          </reporter-output>
        </test-method> <!-- setUp3 -->
        <test-method signature="myTest()[pri:0, instance:ua.alesandrahvozdenko.tests.TestDemo2@59906517]" started-at="2020-01-30T20:47:47 EET" name="myTest" finished-at="2020-01-30T20:47:47 EET" duration-ms="0" status="PASS">
          <reporter-output>
          </reporter-output>
        </test-method> <!-- myTest -->
        <test-method is-config="true" signature="tearDoow()[pri:0, instance:ua.alesandrahvozdenko.tests.TestDemo2@59906517]" started-at="2020-01-30T20:47:47 EET" name="tearDoow" finished-at="2020-01-30T20:47:47 EET" duration-ms="2" status="PASS">
          <reporter-output>
          </reporter-output>
        </test-method> <!-- tearDoow -->
      </class> <!-- ua.alesandrahvozdenko.tests.TestDemo2 -->
      <class name="ua.alesandrahvozdenko.tests.TestDemo">
        <test-method is-config="true" signature="setUp2()[pri:0, instance:ua.alesandrahvozdenko.tests.TestDemo@5bfbf16f]" started-at="2020-01-30T20:47:46 EET" name="setUp2" finished-at="2020-01-30T20:47:46 EET" duration-ms="1" status="PASS">
          <reporter-output>
          </reporter-output>
        </test-method> <!-- setUp2 -->
        <test-method signature="UserPageIsDisplayedWithMainElements(java.lang.String, int)[pri:0, instance:ua.alesandrahvozdenko.tests.TestDemo@5bfbf16f]" started-at="2020-01-30T20:47:47 EET" name="UserPageIsDisplayedWithMainElements" data-provider="invalidCredential" finished-at="2020-01-30T20:47:47 EET" duration-ms="0" status="FAIL">
          <exception class="org.testng.TestNGException">
            <message>
              <![CDATA[
Method void ua.alesandrahvozdenko.tests.TestDemo.UserPageIsDisplayedWithMainElements(java.lang.String,int) requires a @DataProvider named : invalidCredential]]>
            </message>
            <full-stacktrace>
              <![CDATA[org.testng.TestNGException: 
Method void ua.alesandrahvozdenko.tests.TestDemo.UserPageIsDisplayedWithMainElements(java.lang.String,int) requires a @DataProvider named : invalidCredential
at org.testng.internal.Parameters.findDataProvider(Parameters.java:563)
at org.testng.internal.Parameters.handleParameters(Parameters.java:776)
at org.testng.internal.Parameters.handleParameters(Parameters.java:744)
at org.testng.internal.ParameterHandler.handleParameters(ParameterHandler.java:59)
at org.testng.internal.ParameterHandler.createParameters(ParameterHandler.java:38)
at org.testng.internal.TestInvoker$MethodInvocationAgent.invoke(TestInvoker.java:783)
at org.testng.internal.TestInvoker.invokeTestMethods(TestInvoker.java:146)
at org.testng.internal.TestMethodWorker.invokeTestMethods(TestMethodWorker.java:146)
at org.testng.internal.TestMethodWorker.run(TestMethodWorker.java:128)
at java.base/java.util.ArrayList.forEach(ArrayList.java:1507)
at org.testng.TestRunner.privateRun(TestRunner.java:766)
at org.testng.TestRunner.run(TestRunner.java:587)
at org.testng.SuiteRunner.runTest(SuiteRunner.java:384)
at org.testng.SuiteRunner.runSequentially(SuiteRunner.java:378)
at org.testng.SuiteRunner.privateRun(SuiteRunner.java:337)
at org.testng.SuiteRunner.run(SuiteRunner.java:286)
at org.testng.SuiteRunnerWorker.runSuite(SuiteRunnerWorker.java:53)
at org.testng.SuiteRunnerWorker.run(SuiteRunnerWorker.java:96)
at org.testng.TestNG.runSuitesSequentially(TestNG.java:1187)
at org.testng.TestNG.runSuitesLocally(TestNG.java:1109)
at org.testng.TestNG.runSuites(TestNG.java:1039)
at org.testng.TestNG.run(TestNG.java:1007)
at org.apache.maven.surefire.testng.TestNGExecutor.run(TestNGExecutor.java:77)
at org.apache.maven.surefire.testng.TestNGDirectoryTestSuite.executeMulti(TestNGDirectoryTestSuite.java:159)
at org.apache.maven.surefire.testng.TestNGDirectoryTestSuite.execute(TestNGDirectoryTestSuite.java:99)
at org.apache.maven.surefire.testng.TestNGProvider.invoke(TestNGProvider.java:106)
at java.base/jdk.internal.reflect.NativeMethodAccessorImpl.invoke0(Native Method)
at java.base/jdk.internal.reflect.NativeMethodAccessorImpl.invoke(NativeMethodAccessorImpl.java:62)
at java.base/jdk.internal.reflect.DelegatingMethodAccessorImpl.invoke(DelegatingMethodAccessorImpl.java:43)
at java.base/java.lang.reflect.Method.invoke(Method.java:567)
at org.apache.maven.surefire.util.ReflectionUtils.invokeMethodWithArray(ReflectionUtils.java:189)
at org.apache.maven.surefire.booter.ProviderFactory$ProviderProxy.invoke(ProviderFactory.java:165)
at org.apache.maven.surefire.booter.ProviderFactory.invokeProvider(ProviderFactory.java:85)
at org.apache.maven.surefire.booter.ForkedBooter.runSuitesInProcess(ForkedBooter.java:115)
at org.apache.maven.surefire.booter.ForkedBooter.main(ForkedBooter.java:75)
]]>
            </full-stacktrace>
          </exception> <!-- org.testng.TestNGException -->
          <reporter-output>
          </reporter-output>
        </test-method> <!-- UserPageIsDisplayedWithMainElements -->
        <test-method is-config="true" signature="setUp3()[pri:0, instance:ua.alesandrahvozdenko.tests.TestDemo@5bfbf16f]" started-at="2020-01-30T20:47:47 EET" name="setUp3" finished-at="2020-01-30T20:47:47 EET" duration-ms="5" status="PASS">
          <reporter-output>
          </reporter-output>
        </test-method> <!-- setUp3 -->
        <test-method signature="demoTest1()[pri:0, instance:ua.alesandrahvozdenko.tests.TestDemo@5bfbf16f]" started-at="2020-01-30T20:47:47 EET" name="demoTest1" description=" Помещается тестовый сценарий" finished-at="2020-01-30T20:47:47 EET" duration-ms="2" status="PASS">
          <reporter-output>
          </reporter-output>
        </test-method> <!-- demoTest1 -->
        <test-method is-config="true" signature="tearDoow()[pri:0, instance:ua.alesandrahvozdenko.tests.TestDemo@5bfbf16f]" started-at="2020-01-30T20:47:47 EET" name="tearDoow" finished-at="2020-01-30T20:47:47 EET" duration-ms="2" status="PASS">
          <reporter-output>
          </reporter-output>
        </test-method> <!-- tearDoow -->
        <test-method is-config="true" signature="setUp3()[pri:0, instance:ua.alesandrahvozdenko.tests.TestDemo@5bfbf16f]" started-at="2020-01-30T20:47:47 EET" name="setUp3" finished-at="2020-01-30T20:47:47 EET" duration-ms="0" status="PASS">
          <reporter-output>
          </reporter-output>
        </test-method> <!-- setUp3 -->
        <test-method signature="demoTestDependentOnDemo3()[pri:1, instance:ua.alesandrahvozdenko.tests.TestDemo@5bfbf16f]" started-at="2020-01-30T20:47:47 EET" name="demoTestDependentOnDemo3" finished-at="2020-01-30T20:47:47 EET" duration-ms="1" status="PASS">
          <reporter-output>
          </reporter-output>
        </test-method> <!-- demoTestDependentOnDemo3 -->
        <test-method is-config="true" signature="tearDoow()[pri:0, instance:ua.alesandrahvozdenko.tests.TestDemo@5bfbf16f]" started-at="2020-01-30T20:47:47 EET" name="tearDoow" finished-at="2020-01-30T20:47:47 EET" duration-ms="1" status="PASS">
          <reporter-output>
          </reporter-output>
        </test-method> <!-- tearDoow -->
        <test-method is-config="true" signature="setUp3()[pri:0, instance:ua.alesandrahvozdenko.tests.TestDemo@5bfbf16f]" started-at="2020-01-30T20:47:47 EET" name="setUp3" finished-at="2020-01-30T20:47:47 EET" duration-ms="2" status="PASS">
          <reporter-output>
          </reporter-output>
        </test-method> <!-- setUp3 -->
        <test-method signature="demoTest()[pri:2, instance:ua.alesandrahvozdenko.tests.TestDemo@5bfbf16f]" started-at="2020-01-30T20:47:47 EET" name="demoTest" finished-at="2020-01-30T20:47:47 EET" duration-ms="60" status="PASS">
          <reporter-output>
          </reporter-output>
        </test-method> <!-- demoTest -->
        <test-method is-config="true" signature="tearDoow()[pri:0, instance:ua.alesandrahvozdenko.tests.TestDemo@5bfbf16f]" started-at="2020-01-30T20:47:47 EET" name="tearDoow" finished-at="2020-01-30T20:47:47 EET" duration-ms="1" status="PASS">
          <reporter-output>
          </reporter-output>
        </test-method> <!-- tearDoow -->
        <test-method is-config="true" signature="setUp3()[pri:0, instance:ua.alesandrahvozdenko.tests.TestDemo@5bfbf16f]" started-at="2020-01-30T20:47:47 EET" name="setUp3" finished-at="2020-01-30T20:47:47 EET" duration-ms="1" status="PASS">
          <reporter-output>
          </reporter-output>
        </test-method> <!-- setUp3 -->
        <test-method signature="demoTest2()[pri:2, instance:ua.alesandrahvozdenko.tests.TestDemo@5bfbf16f]" started-at="2020-01-30T20:47:47 EET" name="demoTest2" finished-at="2020-01-30T20:47:47 EET" duration-ms="0" status="PASS">
          <reporter-output>
          </reporter-output>
        </test-method> <!-- demoTest2 -->
        <test-method is-config="true" signature="tearDoow()[pri:0, instance:ua.alesandrahvozdenko.tests.TestDemo@5bfbf16f]" started-at="2020-01-30T20:47:47 EET" name="tearDoow" finished-at="2020-01-30T20:47:47 EET" duration-ms="0" status="PASS">
          <reporter-output>
          </reporter-output>
        </test-method> <!-- tearDoow -->
      </class> <!-- ua.alesandrahvozdenko.tests.TestDemo -->
    </test> <!-- Command line test -->
  </suite> <!-- Command line suite -->
</testng-results>
